{
"/Users/mattweichselbaum/dev/oversight/dist/oversight-test.js":{"path":"/Users/mattweichselbaum/dev/oversight/dist/oversight-test.js","s":{"1":1,"2":1,"3":1,"4":411,"5":1,"6":6,"7":270,"8":1,"9":1,"10":1,"11":1,"12":1,"13":280,"14":48,"15":280,"16":163,"17":1,"18":165,"19":127,"20":1,"21":288,"22":288,"23":288,"24":92,"25":92,"26":92,"27":92,"28":0,"29":1,"30":55,"31":55,"32":55,"33":59,"34":59,"35":59,"36":59,"37":0,"38":1,"39":1,"40":1,"41":1,"42":1,"43":1,"44":1,"45":50,"46":50,"47":50,"48":50,"49":50,"50":50,"51":29,"52":50,"53":50,"54":50,"55":1,"56":220,"57":220,"58":220,"59":102,"60":220,"61":220,"62":220,"63":220,"64":55,"65":55,"66":165,"67":165,"68":165,"69":165,"70":165,"71":165,"72":73,"73":220,"74":1,"75":270,"76":270,"77":220,"78":220,"79":50,"80":50,"81":50,"82":50,"83":270,"84":1,"85":21,"86":21,"87":21,"88":21,"89":21,"90":21,"91":21,"92":35,"93":20,"94":1,"95":121,"96":121,"97":96,"98":96,"99":96,"100":96,"101":96,"102":96,"103":121,"104":102,"105":102,"106":101,"107":101,"108":121,"109":47,"110":1,"111":46,"112":46,"113":46,"114":74,"115":74,"116":120,"117":5898,"118":5898,"119":120,"120":120,"121":120,"122":120,"123":1,"124":119,"125":120,"126":120,"127":120,"128":1,"129":34,"130":34,"131":32,"132":32,"133":32,"134":1,"135":31,"136":31,"137":32,"138":32,"139":32,"140":32,"141":32,"142":32,"143":3,"144":3,"145":3,"146":2,"147":1,"148":25,"149":25,"150":25,"151":23,"152":23,"153":3,"154":23,"155":23,"156":25,"157":1,"158":0,"159":1,"160":0,"161":0,"162":0,"163":0,"164":0,"165":0,"166":1,"167":115,"168":115,"169":115,"170":115,"171":115,"172":115,"173":115,"174":115,"175":1,"176":3,"177":1,"178":4,"179":2,"180":2,"181":2,"182":2,"183":1,"184":1,"185":1,"186":118,"187":115,"188":115,"189":55,"190":60,"191":60,"192":60,"193":60,"194":60,"195":1,"196":1,"197":270,"198":4,"199":266,"200":54,"201":212,"202":18,"203":212,"204":141,"205":141,"206":212,"207":1,"208":279,"209":99,"210":180,"211":1,"212":0,"213":0,"214":0,"215":1,"216":50,"217":50,"218":220,"219":270,"220":59,"221":270,"222":2,"223":131,"224":1,"225":1050,"226":2,"227":1,"228":102,"229":101,"230":1,"231":130,"232":130,"233":130,"234":130,"235":129,"236":128,"237":128,"238":1,"239":128,"240":128,"241":128,"242":128,"243":127,"244":127,"245":1,"246":0,"247":1,"248":335,"249":335,"250":335,"251":1,"252":270,"253":270,"254":270,"255":1,"256":1},"b":{"1":[48,232],"2":[163,117],"3":[127,38],"4":[288,92],"5":[92,0],"6":[55,48],"7":[59,0],"8":[50,50],"9":[29,21],"10":[13,37],"11":[220,79],"12":[102,118],"13":[55,165],"14":[165,0],"15":[23,142],"16":[73,92],"17":[165,111],"18":[270,67],"19":[220,50],"20":[270,220],"21":[220,149],"22":[50,45],"23":[21,0],"24":[13,8],"25":[21,21],"26":[20,15],"27":[47,74],"28":[1,46],"29":[5898,0],"30":[120,101],"31":[1,119],"32":[120,19],"33":[34,25],"34":[32,2],"35":[34,32],"36":[1,31],"37":[32,3],"38":[3,0],"39":[25,18],"40":[23,2],"41":[25,23],"42":[3,20],"43":[23,3],"44":[0,0],"45":[115,55],"46":[2,2],"47":[1,1],"48":[115,3],"49":[55,60],"50":[60,48],"51":[4,266],"52":[54,212],"53":[18,194],"54":[141,71],"55":[99,180],"56":[0,0],"57":[0,0],"58":[2,1048],"59":[130,0],"60":[128,1],"61":[1,127],"62":[128,0]},"f":{"1":1,"2":411,"3":6,"4":270,"5":280,"6":165,"7":288,"8":55,"9":50,"10":220,"11":270,"12":21,"13":121,"14":96,"15":102,"16":34,"17":25,"18":0,"19":0,"20":115,"21":3,"22":4,"23":118,"24":270,"25":279,"26":0,"27":50,"28":50,"29":220,"30":270,"31":59,"32":270,"33":2,"34":131,"35":1050,"36":102,"37":101,"38":130,"39":335,"40":270},"fnMap":{"1":{"name":"(anonymous_1)","line":1,"loc":{"start":{"line":1,"column":18},"end":{"line":1,"column":30}}},"2":{"name":"generateIdClosure","line":3,"loc":{"start":{"line":3,"column":11},"end":{"line":3,"column":40}}},"3":{"name":"(anonymous_3)","line":8,"loc":{"start":{"line":8,"column":25},"end":{"line":8,"column":43}}},"4":{"name":"(anonymous_4)","line":9,"loc":{"start":{"line":9,"column":11},"end":{"line":9,"column":62}}},"5":{"name":"(anonymous_5)","line":20,"loc":{"start":{"line":20,"column":24},"end":{"line":20,"column":47}}},"6":{"name":"(anonymous_6)","line":25,"loc":{"start":{"line":25,"column":21},"end":{"line":25,"column":52}}},"7":{"name":"(anonymous_7)","line":29,"loc":{"start":{"line":29,"column":18},"end":{"line":29,"column":56}}},"8":{"name":"(anonymous_8)","line":43,"loc":{"start":{"line":43,"column":17},"end":{"line":43,"column":61}}},"9":{"name":"(anonymous_9)","line":64,"loc":{"start":{"line":64,"column":26},"end":{"line":64,"column":80}}},"10":{"name":"(anonymous_10)","line":77,"loc":{"start":{"line":77,"column":30},"end":{"line":77,"column":81}}},"11":{"name":"(anonymous_11)","line":102,"loc":{"start":{"line":102,"column":18},"end":{"line":102,"column":69}}},"12":{"name":"(anonymous_12)","line":117,"loc":{"start":{"line":117,"column":19},"end":{"line":117,"column":46}}},"13":{"name":"(anonymous_13)","line":132,"loc":{"start":{"line":132,"column":22},"end":{"line":132,"column":49}}},"14":{"name":"observifiedFunction","line":136,"loc":{"start":{"line":136,"column":25},"end":{"line":136,"column":56}}},"15":{"name":"(anonymous_15)","line":145,"loc":{"start":{"line":145,"column":22},"end":{"line":145,"column":33}}},"16":{"name":"(anonymous_16)","line":190,"loc":{"start":{"line":190,"column":23},"end":{"line":190,"column":54}}},"17":{"name":"(anonymous_17)","line":222,"loc":{"start":{"line":222,"column":23},"end":{"line":222,"column":47}}},"18":{"name":"(anonymous_18)","line":240,"loc":{"start":{"line":240,"column":20},"end":{"line":240,"column":37}}},"19":{"name":"(anonymous_19)","line":244,"loc":{"start":{"line":244,"column":31},"end":{"line":244,"column":48}}},"20":{"name":"(anonymous_20)","line":257,"loc":{"start":{"line":257,"column":12},"end":{"line":257,"column":72}}},"21":{"name":"(anonymous_21)","line":268,"loc":{"start":{"line":268,"column":26},"end":{"line":268,"column":44}}},"22":{"name":"(anonymous_22)","line":272,"loc":{"start":{"line":272,"column":33},"end":{"line":272,"column":50}}},"23":{"name":"(anonymous_23)","line":285,"loc":{"start":{"line":285,"column":32},"end":{"line":285,"column":49}}},"24":{"name":"(anonymous_24)","line":301,"loc":{"start":{"line":301,"column":22},"end":{"line":301,"column":40}}},"25":{"name":"(anonymous_25)","line":317,"loc":{"start":{"line":317,"column":22},"end":{"line":317,"column":51}}},"26":{"name":"(anonymous_26)","line":322,"loc":{"start":{"line":322,"column":21},"end":{"line":322,"column":38}}},"27":{"name":"(anonymous_27)","line":332,"loc":{"start":{"line":332,"column":25},"end":{"line":332,"column":37}}},"28":{"name":"(anonymous_28)","line":337,"loc":{"start":{"line":337,"column":31},"end":{"line":337,"column":49}}},"29":{"name":"(anonymous_29)","line":341,"loc":{"start":{"line":341,"column":33},"end":{"line":341,"column":51}}},"30":{"name":"(anonymous_30)","line":346,"loc":{"start":{"line":346,"column":31},"end":{"line":346,"column":43}}},"31":{"name":"(anonymous_31)","line":349,"loc":{"start":{"line":349,"column":39},"end":{"line":349,"column":57}}},"32":{"name":"(anonymous_32)","line":352,"loc":{"start":{"line":352,"column":21},"end":{"line":352,"column":33}}},"33":{"name":"(anonymous_33)","line":355,"loc":{"start":{"line":355,"column":29},"end":{"line":355,"column":40}}},"34":{"name":"(anonymous_34)","line":358,"loc":{"start":{"line":358,"column":24},"end":{"line":358,"column":35}}},"35":{"name":"(anonymous_35)","line":363,"loc":{"start":{"line":363,"column":13},"end":{"line":363,"column":39}}},"36":{"name":"(anonymous_36)","line":370,"loc":{"start":{"line":370,"column":11},"end":{"line":370,"column":44}}},"37":{"name":"(anonymous_37)","line":379,"loc":{"start":{"line":379,"column":14},"end":{"line":379,"column":25}}},"38":{"name":"(anonymous_38)","line":384,"loc":{"start":{"line":384,"column":20},"end":{"line":384,"column":31}}},"39":{"name":"(anonymous_39)","line":408,"loc":{"start":{"line":408,"column":15},"end":{"line":408,"column":50}}},"40":{"name":"(anonymous_40)","line":414,"loc":{"start":{"line":414,"column":14},"end":{"line":414,"column":36}}}},"statementMap":{"1":{"start":{"line":1,"column":0},"end":{"line":6,"column":5}},"2":{"start":{"line":2,"column":4},"end":{"line":2,"column":15}},"3":{"start":{"line":3,"column":4},"end":{"line":6,"column":0}},"4":{"start":{"line":4,"column":8},"end":{"line":4,"column":20}},"5":{"start":{"line":8,"column":0},"end":{"line":12,"column":2}},"6":{"start":{"line":9,"column":4},"end":{"line":11,"column":6}},"7":{"start":{"line":10,"column":8},"end":{"line":10,"column":77}},"8":{"start":{"line":14,"column":0},"end":{"line":14,"column":19}},"9":{"start":{"line":16,"column":0},"end":{"line":16,"column":33}},"10":{"start":{"line":17,"column":0},"end":{"line":17,"column":66}},"11":{"start":{"line":18,"column":0},"end":{"line":18,"column":66}},"12":{"start":{"line":20,"column":0},"end":{"line":23,"column":2}},"13":{"start":{"line":21,"column":4},"end":{"line":21,"column":70}},"14":{"start":{"line":21,"column":29},"end":{"line":21,"column":70}},"15":{"start":{"line":22,"column":4},"end":{"line":22,"column":80}},"16":{"start":{"line":22,"column":34},"end":{"line":22,"column":80}},"17":{"start":{"line":25,"column":0},"end":{"line":27,"column":2}},"18":{"start":{"line":26,"column":4},"end":{"line":26,"column":79}},"19":{"start":{"line":26,"column":42},"end":{"line":26,"column":79}},"20":{"start":{"line":29,"column":0},"end":{"line":41,"column":2}},"21":{"start":{"line":30,"column":4},"end":{"line":30,"column":48}},"22":{"start":{"line":31,"column":4},"end":{"line":31,"column":17}},"23":{"start":{"line":32,"column":4},"end":{"line":40,"column":5}},"24":{"start":{"line":33,"column":8},"end":{"line":33,"column":30}},"25":{"start":{"line":34,"column":8},"end":{"line":34,"column":54}},"26":{"start":{"line":35,"column":8},"end":{"line":39,"column":9}},"27":{"start":{"line":36,"column":12},"end":{"line":36,"column":36}},"28":{"start":{"line":38,"column":12},"end":{"line":38,"column":38}},"29":{"start":{"line":43,"column":0},"end":{"line":55,"column":2}},"30":{"start":{"line":44,"column":4},"end":{"line":44,"column":48}},"31":{"start":{"line":45,"column":4},"end":{"line":45,"column":17}},"32":{"start":{"line":46,"column":4},"end":{"line":54,"column":5}},"33":{"start":{"line":47,"column":8},"end":{"line":47,"column":30}},"34":{"start":{"line":48,"column":8},"end":{"line":48,"column":54}},"35":{"start":{"line":49,"column":8},"end":{"line":53,"column":9}},"36":{"start":{"line":50,"column":12},"end":{"line":50,"column":41}},"37":{"start":{"line":52,"column":12},"end":{"line":52,"column":38}},"38":{"start":{"line":57,"column":0},"end":{"line":57,"column":46}},"39":{"start":{"line":58,"column":0},"end":{"line":58,"column":48}},"40":{"start":{"line":59,"column":0},"end":{"line":59,"column":58}},"41":{"start":{"line":60,"column":0},"end":{"line":60,"column":48}},"42":{"start":{"line":61,"column":0},"end":{"line":61,"column":46}},"43":{"start":{"line":62,"column":0},"end":{"line":62,"column":46}},"44":{"start":{"line":64,"column":0},"end":{"line":75,"column":2}},"45":{"start":{"line":65,"column":4},"end":{"line":65,"column":61}},"46":{"start":{"line":66,"column":4},"end":{"line":66,"column":92}},"47":{"start":{"line":67,"column":4},"end":{"line":67,"column":69}},"48":{"start":{"line":69,"column":4},"end":{"line":69,"column":45}},"49":{"start":{"line":70,"column":4},"end":{"line":70,"column":45}},"50":{"start":{"line":71,"column":4},"end":{"line":71,"column":69}},"51":{"start":{"line":71,"column":37},"end":{"line":71,"column":69}},"52":{"start":{"line":72,"column":4},"end":{"line":72,"column":60}},"53":{"start":{"line":73,"column":4},"end":{"line":73,"column":93}},"54":{"start":{"line":74,"column":4},"end":{"line":74,"column":19}},"55":{"start":{"line":77,"column":0},"end":{"line":100,"column":2}},"56":{"start":{"line":78,"column":4},"end":{"line":78,"column":69}},"57":{"start":{"line":79,"column":4},"end":{"line":81,"column":6}},"58":{"start":{"line":82,"column":4},"end":{"line":82,"column":52}},"59":{"start":{"line":82,"column":28},"end":{"line":82,"column":52}},"60":{"start":{"line":83,"column":4},"end":{"line":83,"column":45}},"61":{"start":{"line":84,"column":4},"end":{"line":84,"column":36}},"62":{"start":{"line":85,"column":4},"end":{"line":85,"column":71}},"63":{"start":{"line":86,"column":4},"end":{"line":98,"column":5}},"64":{"start":{"line":87,"column":8},"end":{"line":87,"column":79}},"65":{"start":{"line":88,"column":8},"end":{"line":88,"column":36}},"66":{"start":{"line":90,"column":8},"end":{"line":90,"column":40}},"67":{"start":{"line":91,"column":8},"end":{"line":91,"column":45}},"68":{"start":{"line":92,"column":8},"end":{"line":92,"column":55}},"69":{"start":{"line":93,"column":8},"end":{"line":93,"column":65}},"70":{"start":{"line":94,"column":8},"end":{"line":94,"column":103}},"71":{"start":{"line":95,"column":8},"end":{"line":97,"column":9}},"72":{"start":{"line":96,"column":12},"end":{"line":96,"column":75}},"73":{"start":{"line":99,"column":4},"end":{"line":99,"column":19}},"74":{"start":{"line":102,"column":0},"end":{"line":115,"column":2}},"75":{"start":{"line":103,"column":4},"end":{"line":103,"column":107}},"76":{"start":{"line":104,"column":4},"end":{"line":113,"column":5}},"77":{"start":{"line":105,"column":8},"end":{"line":105,"column":36}},"78":{"start":{"line":106,"column":8},"end":{"line":106,"column":87}},"79":{"start":{"line":109,"column":8},"end":{"line":109,"column":27}},"80":{"start":{"line":110,"column":8},"end":{"line":110,"column":24}},"81":{"start":{"line":111,"column":8},"end":{"line":111,"column":36}},"82":{"start":{"line":112,"column":8},"end":{"line":112,"column":73}},"83":{"start":{"line":114,"column":4},"end":{"line":114,"column":19}},"84":{"start":{"line":117,"column":0},"end":{"line":130,"column":2}},"85":{"start":{"line":118,"column":4},"end":{"line":129,"column":5}},"86":{"start":{"line":119,"column":8},"end":{"line":119,"column":36}},"87":{"start":{"line":120,"column":8},"end":{"line":120,"column":42}},"88":{"start":{"line":121,"column":8},"end":{"line":121,"column":30}},"89":{"start":{"line":122,"column":8},"end":{"line":122,"column":94}},"90":{"start":{"line":123,"column":8},"end":{"line":123,"column":48}},"91":{"start":{"line":124,"column":8},"end":{"line":128,"column":9}},"92":{"start":{"line":125,"column":12},"end":{"line":127,"column":13}},"93":{"start":{"line":126,"column":16},"end":{"line":126,"column":40}},"94":{"start":{"line":132,"column":0},"end":{"line":181,"column":2}},"95":{"start":{"line":133,"column":4},"end":{"line":133,"column":25}},"96":{"start":{"line":136,"column":4},"end":{"line":143,"column":6}},"97":{"start":{"line":137,"column":8},"end":{"line":137,"column":55}},"98":{"start":{"line":138,"column":8},"end":{"line":138,"column":61}},"99":{"start":{"line":139,"column":8},"end":{"line":139,"column":54}},"100":{"start":{"line":140,"column":8},"end":{"line":140,"column":54}},"101":{"start":{"line":141,"column":8},"end":{"line":141,"column":60}},"102":{"start":{"line":142,"column":8},"end":{"line":142,"column":20}},"103":{"start":{"line":145,"column":4},"end":{"line":150,"column":6}},"104":{"start":{"line":146,"column":8},"end":{"line":146,"column":59}},"105":{"start":{"line":147,"column":8},"end":{"line":147,"column":39}},"106":{"start":{"line":148,"column":8},"end":{"line":148,"column":29}},"107":{"start":{"line":149,"column":8},"end":{"line":149,"column":20}},"108":{"start":{"line":153,"column":4},"end":{"line":163,"column":5}},"109":{"start":{"line":154,"column":8},"end":{"line":154,"column":45}},"110":{"start":{"line":154,"column":31},"end":{"line":154,"column":45}},"111":{"start":{"line":155,"column":8},"end":{"line":155,"column":20}},"112":{"start":{"line":156,"column":8},"end":{"line":158,"column":10}},"113":{"start":{"line":159,"column":8},"end":{"line":159,"column":44}},"114":{"start":{"line":161,"column":8},"end":{"line":161,"column":44}},"115":{"start":{"line":162,"column":8},"end":{"line":162,"column":39}},"116":{"start":{"line":164,"column":4},"end":{"line":168,"column":5}},"117":{"start":{"line":165,"column":8},"end":{"line":167,"column":9}},"118":{"start":{"line":166,"column":12},"end":{"line":166,"column":41}},"119":{"start":{"line":169,"column":4},"end":{"line":169,"column":46}},"120":{"start":{"line":170,"column":4},"end":{"line":170,"column":48}},"121":{"start":{"line":171,"column":4},"end":{"line":171,"column":87}},"122":{"start":{"line":173,"column":4},"end":{"line":177,"column":5}},"123":{"start":{"line":174,"column":8},"end":{"line":174,"column":71}},"124":{"start":{"line":176,"column":8},"end":{"line":176,"column":46}},"125":{"start":{"line":178,"column":4},"end":{"line":178,"column":28}},"126":{"start":{"line":179,"column":4},"end":{"line":179,"column":41}},"127":{"start":{"line":180,"column":4},"end":{"line":180,"column":23}},"128":{"start":{"line":190,"column":0},"end":{"line":220,"column":2}},"129":{"start":{"line":191,"column":4},"end":{"line":192,"column":58}},"130":{"start":{"line":194,"column":4},"end":{"line":219,"column":5}},"131":{"start":{"line":195,"column":8},"end":{"line":195,"column":36}},"132":{"start":{"line":196,"column":8},"end":{"line":196,"column":49}},"133":{"start":{"line":197,"column":8},"end":{"line":205,"column":9}},"134":{"start":{"line":200,"column":12},"end":{"line":200,"column":68}},"135":{"start":{"line":203,"column":12},"end":{"line":203,"column":38}},"136":{"start":{"line":204,"column":12},"end":{"line":204,"column":33}},"137":{"start":{"line":206,"column":8},"end":{"line":206,"column":36}},"138":{"start":{"line":207,"column":8},"end":{"line":207,"column":45}},"139":{"start":{"line":208,"column":8},"end":{"line":208,"column":61}},"140":{"start":{"line":209,"column":8},"end":{"line":209,"column":49}},"141":{"start":{"line":210,"column":8},"end":{"line":210,"column":40}},"142":{"start":{"line":211,"column":8},"end":{"line":216,"column":9}},"143":{"start":{"line":212,"column":12},"end":{"line":215,"column":13}},"144":{"start":{"line":213,"column":16},"end":{"line":213,"column":56}},"145":{"start":{"line":214,"column":16},"end":{"line":214,"column":55}},"146":{"start":{"line":218,"column":8},"end":{"line":218,"column":29}},"147":{"start":{"line":222,"column":0},"end":{"line":236,"column":2}},"148":{"start":{"line":223,"column":4},"end":{"line":224,"column":58}},"149":{"start":{"line":226,"column":4},"end":{"line":226,"column":28}},"150":{"start":{"line":227,"column":4},"end":{"line":234,"column":5}},"151":{"start":{"line":228,"column":8},"end":{"line":228,"column":49}},"152":{"start":{"line":229,"column":8},"end":{"line":231,"column":9}},"153":{"start":{"line":230,"column":12},"end":{"line":230,"column":38}},"154":{"start":{"line":232,"column":8},"end":{"line":232,"column":45}},"155":{"start":{"line":233,"column":8},"end":{"line":233,"column":47}},"156":{"start":{"line":235,"column":4},"end":{"line":235,"column":16}},"157":{"start":{"line":240,"column":0},"end":{"line":242,"column":2}},"158":{"start":{"line":241,"column":4},"end":{"line":241,"column":27}},"159":{"start":{"line":244,"column":0},"end":{"line":255,"column":2}},"160":{"start":{"line":246,"column":4},"end":{"line":246,"column":43}},"161":{"start":{"line":247,"column":4},"end":{"line":253,"column":5}},"162":{"start":{"line":248,"column":8},"end":{"line":248,"column":30}},"163":{"start":{"line":249,"column":8},"end":{"line":252,"column":9}},"164":{"start":{"line":251,"column":12},"end":{"line":251,"column":50}},"165":{"start":{"line":254,"column":4},"end":{"line":254,"column":30}},"166":{"start":{"line":257,"column":0},"end":{"line":266,"column":2}},"167":{"start":{"line":258,"column":4},"end":{"line":258,"column":21}},"168":{"start":{"line":259,"column":4},"end":{"line":259,"column":25}},"169":{"start":{"line":260,"column":4},"end":{"line":260,"column":29}},"170":{"start":{"line":261,"column":4},"end":{"line":261,"column":31}},"171":{"start":{"line":262,"column":4},"end":{"line":262,"column":28}},"172":{"start":{"line":263,"column":4},"end":{"line":263,"column":27}},"173":{"start":{"line":264,"column":4},"end":{"line":264,"column":36}},"174":{"start":{"line":265,"column":4},"end":{"line":265,"column":21}},"175":{"start":{"line":268,"column":0},"end":{"line":270,"column":2}},"176":{"start":{"line":269,"column":4},"end":{"line":269,"column":36}},"177":{"start":{"line":272,"column":0},"end":{"line":283,"column":2}},"178":{"start":{"line":273,"column":4},"end":{"line":282,"column":5}},"179":{"start":{"line":274,"column":8},"end":{"line":274,"column":49}},"180":{"start":{"line":275,"column":8},"end":{"line":275,"column":37}},"181":{"start":{"line":276,"column":8},"end":{"line":276,"column":28}},"182":{"start":{"line":277,"column":8},"end":{"line":281,"column":9}},"183":{"start":{"line":278,"column":12},"end":{"line":278,"column":65}},"184":{"start":{"line":280,"column":12},"end":{"line":280,"column":59}},"185":{"start":{"line":285,"column":0},"end":{"line":298,"column":2}},"186":{"start":{"line":286,"column":4},"end":{"line":297,"column":5}},"187":{"start":{"line":287,"column":8},"end":{"line":287,"column":57}},"188":{"start":{"line":288,"column":8},"end":{"line":296,"column":9}},"189":{"start":{"line":289,"column":12},"end":{"line":289,"column":111}},"190":{"start":{"line":291,"column":12},"end":{"line":291,"column":47}},"191":{"start":{"line":292,"column":12},"end":{"line":292,"column":58}},"192":{"start":{"line":293,"column":12},"end":{"line":293,"column":42}},"193":{"start":{"line":294,"column":12},"end":{"line":294,"column":117}},"194":{"start":{"line":295,"column":12},"end":{"line":295,"column":58}},"195":{"start":{"line":300,"column":0},"end":{"line":300,"column":18}},"196":{"start":{"line":301,"column":0},"end":{"line":315,"column":2}},"197":{"start":{"line":302,"column":4},"end":{"line":302,"column":83}},"198":{"start":{"line":302,"column":48},"end":{"line":302,"column":83}},"199":{"start":{"line":305,"column":4},"end":{"line":305,"column":51}},"200":{"start":{"line":305,"column":36},"end":{"line":305,"column":51}},"201":{"start":{"line":309,"column":4},"end":{"line":309,"column":54}},"202":{"start":{"line":309,"column":29},"end":{"line":309,"column":54}},"203":{"start":{"line":310,"column":4},"end":{"line":313,"column":5}},"204":{"start":{"line":311,"column":8},"end":{"line":311,"column":55}},"205":{"start":{"line":312,"column":8},"end":{"line":312,"column":60}},"206":{"start":{"line":314,"column":4},"end":{"line":314,"column":43}},"207":{"start":{"line":317,"column":0},"end":{"line":320,"column":2}},"208":{"start":{"line":318,"column":4},"end":{"line":318,"column":65}},"209":{"start":{"line":318,"column":50},"end":{"line":318,"column":65}},"210":{"start":{"line":319,"column":4},"end":{"line":319,"column":31}},"211":{"start":{"line":322,"column":0},"end":{"line":328,"column":2}},"212":{"start":{"line":323,"column":4},"end":{"line":327,"column":5}},"213":{"start":{"line":324,"column":8},"end":{"line":326,"column":9}},"214":{"start":{"line":325,"column":12},"end":{"line":325,"column":60}},"215":{"start":{"line":330,"column":0},"end":{"line":361,"column":2}},"216":{"start":{"line":333,"column":8},"end":{"line":335,"column":112}},"217":{"start":{"line":338,"column":8},"end":{"line":339,"column":82}},"218":{"start":{"line":342,"column":8},"end":{"line":344,"column":68}},"219":{"start":{"line":347,"column":8},"end":{"line":347,"column":81}},"220":{"start":{"line":350,"column":8},"end":{"line":350,"column":117}},"221":{"start":{"line":353,"column":8},"end":{"line":354,"column":4}},"222":{"start":{"line":356,"column":8},"end":{"line":356,"column":74}},"223":{"start":{"line":359,"column":8},"end":{"line":359,"column":70}},"224":{"start":{"line":363,"column":0},"end":{"line":365,"column":2}},"225":{"start":{"line":364,"column":4},"end":{"line":364,"column":41}},"226":{"start":{"line":364,"column":20},"end":{"line":364,"column":41}},"227":{"start":{"line":368,"column":0},"end":{"line":382,"column":2}},"228":{"start":{"line":371,"column":8},"end":{"line":377,"column":10}},"229":{"start":{"line":380,"column":8},"end":{"line":380,"column":30}},"230":{"start":{"line":384,"column":0},"end":{"line":406,"column":2}},"231":{"start":{"line":385,"column":4},"end":{"line":385,"column":40}},"232":{"start":{"line":386,"column":4},"end":{"line":403,"column":5}},"233":{"start":{"line":387,"column":8},"end":{"line":387,"column":79}},"234":{"start":{"line":388,"column":8},"end":{"line":388,"column":98}},"235":{"start":{"line":389,"column":8},"end":{"line":402,"column":9}},"236":{"start":{"line":390,"column":12},"end":{"line":390,"column":71}},"237":{"start":{"line":391,"column":12},"end":{"line":391,"column":67}},"238":{"start":{"line":391,"column":40},"end":{"line":391,"column":67}},"239":{"start":{"line":392,"column":12},"end":{"line":392,"column":75}},"240":{"start":{"line":393,"column":12},"end":{"line":393,"column":21}},"241":{"start":{"line":394,"column":12},"end":{"line":400,"column":13}},"242":{"start":{"line":395,"column":16},"end":{"line":395,"column":60}},"243":{"start":{"line":396,"column":16},"end":{"line":396,"column":49}},"244":{"start":{"line":401,"column":12},"end":{"line":401,"column":24}},"245":{"start":{"line":404,"column":4},"end":{"line":404,"column":52}},"246":{"start":{"line":405,"column":4},"end":{"line":405,"column":21}},"247":{"start":{"line":408,"column":0},"end":{"line":412,"column":2}},"248":{"start":{"line":409,"column":4},"end":{"line":409,"column":31}},"249":{"start":{"line":410,"column":4},"end":{"line":410,"column":17}},"250":{"start":{"line":411,"column":4},"end":{"line":411,"column":31}},"251":{"start":{"line":414,"column":0},"end":{"line":418,"column":2}},"252":{"start":{"line":415,"column":4},"end":{"line":415,"column":34}},"253":{"start":{"line":416,"column":4},"end":{"line":416,"column":25}},"254":{"start":{"line":417,"column":4},"end":{"line":417,"column":19}},"255":{"start":{"line":419,"column":0},"end":{"line":419,"column":26}},"256":{"start":{"line":420,"column":0},"end":{"line":420,"column":27}}},"branchMap":{"1":{"line":21,"type":"if","locations":[{"start":{"line":21,"column":4},"end":{"line":21,"column":4}},{"start":{"line":21,"column":4},"end":{"line":21,"column":4}}]},"2":{"line":22,"type":"if","locations":[{"start":{"line":22,"column":4},"end":{"line":22,"column":4}},{"start":{"line":22,"column":4},"end":{"line":22,"column":4}}]},"3":{"line":26,"type":"if","locations":[{"start":{"line":26,"column":4},"end":{"line":26,"column":4}},{"start":{"line":26,"column":4},"end":{"line":26,"column":4}}]},"4":{"line":30,"type":"binary-expr","locations":[{"start":{"line":30,"column":12},"end":{"line":30,"column":24}},{"start":{"line":30,"column":28},"end":{"line":30,"column":47}}]},"5":{"line":35,"type":"if","locations":[{"start":{"line":35,"column":8},"end":{"line":35,"column":8}},{"start":{"line":35,"column":8},"end":{"line":35,"column":8}}]},"6":{"line":44,"type":"binary-expr","locations":[{"start":{"line":44,"column":12},"end":{"line":44,"column":24}},{"start":{"line":44,"column":28},"end":{"line":44,"column":47}}]},"7":{"line":49,"type":"if","locations":[{"start":{"line":49,"column":8},"end":{"line":49,"column":8}},{"start":{"line":49,"column":8},"end":{"line":49,"column":8}}]},"8":{"line":70,"type":"binary-expr","locations":[{"start":{"line":70,"column":14},"end":{"line":70,"column":21}},{"start":{"line":70,"column":25},"end":{"line":70,"column":44}}]},"9":{"line":71,"type":"if","locations":[{"start":{"line":71,"column":4},"end":{"line":71,"column":4}},{"start":{"line":71,"column":4},"end":{"line":71,"column":4}}]},"10":{"line":72,"type":"cond-expr","locations":[{"start":{"line":72,"column":41},"end":{"line":72,"column":47}},{"start":{"line":72,"column":50},"end":{"line":72,"column":59}}]},"11":{"line":79,"type":"binary-expr","locations":[{"start":{"line":79,"column":11},"end":{"line":79,"column":48}},{"start":{"line":79,"column":53},"end":{"line":79,"column":90}}]},"12":{"line":82,"type":"if","locations":[{"start":{"line":82,"column":4},"end":{"line":82,"column":4}},{"start":{"line":82,"column":4},"end":{"line":82,"column":4}}]},"13":{"line":86,"type":"if","locations":[{"start":{"line":86,"column":4},"end":{"line":86,"column":4}},{"start":{"line":86,"column":4},"end":{"line":86,"column":4}}]},"14":{"line":92,"type":"binary-expr","locations":[{"start":{"line":92,"column":18},"end":{"line":92,"column":25}},{"start":{"line":92,"column":29},"end":{"line":92,"column":54}}]},"15":{"line":93,"type":"cond-expr","locations":[{"start":{"line":93,"column":45},"end":{"line":93,"column":51}},{"start":{"line":93,"column":54},"end":{"line":93,"column":63}}]},"16":{"line":95,"type":"if","locations":[{"start":{"line":95,"column":8},"end":{"line":95,"column":8}},{"start":{"line":95,"column":8},"end":{"line":95,"column":8}}]},"17":{"line":95,"type":"binary-expr","locations":[{"start":{"line":95,"column":12},"end":{"line":95,"column":46}},{"start":{"line":95,"column":50},"end":{"line":95,"column":89}}]},"18":{"line":103,"type":"binary-expr","locations":[{"start":{"line":103,"column":11},"end":{"line":103,"column":37}},{"start":{"line":103,"column":41},"end":{"line":103,"column":69}}]},"19":{"line":104,"type":"if","locations":[{"start":{"line":104,"column":4},"end":{"line":104,"column":4}},{"start":{"line":104,"column":4},"end":{"line":104,"column":4}}]},"20":{"line":104,"type":"binary-expr","locations":[{"start":{"line":104,"column":8},"end":{"line":104,"column":32}},{"start":{"line":104,"column":36},"end":{"line":104,"column":62}}]},"21":{"line":105,"type":"binary-expr","locations":[{"start":{"line":105,"column":18},"end":{"line":105,"column":25}},{"start":{"line":105,"column":29},"end":{"line":105,"column":35}}]},"22":{"line":111,"type":"binary-expr","locations":[{"start":{"line":111,"column":18},"end":{"line":111,"column":25}},{"start":{"line":111,"column":29},"end":{"line":111,"column":35}}]},"23":{"line":118,"type":"if","locations":[{"start":{"line":118,"column":4},"end":{"line":118,"column":4}},{"start":{"line":118,"column":4},"end":{"line":118,"column":4}}]},"24":{"line":122,"type":"cond-expr","locations":[{"start":{"line":122,"column":33},"end":{"line":122,"column":64}},{"start":{"line":122,"column":67},"end":{"line":122,"column":93}}]},"25":{"line":123,"type":"binary-expr","locations":[{"start":{"line":123,"column":16},"end":{"line":123,"column":26}},{"start":{"line":123,"column":30},"end":{"line":123,"column":47}}]},"26":{"line":125,"type":"if","locations":[{"start":{"line":125,"column":12},"end":{"line":125,"column":12}},{"start":{"line":125,"column":12},"end":{"line":125,"column":12}}]},"27":{"line":153,"type":"if","locations":[{"start":{"line":153,"column":4},"end":{"line":153,"column":4}},{"start":{"line":153,"column":4},"end":{"line":153,"column":4}}]},"28":{"line":154,"type":"if","locations":[{"start":{"line":154,"column":8},"end":{"line":154,"column":8}},{"start":{"line":154,"column":8},"end":{"line":154,"column":8}}]},"29":{"line":165,"type":"if","locations":[{"start":{"line":165,"column":8},"end":{"line":165,"column":8}},{"start":{"line":165,"column":8},"end":{"line":165,"column":8}}]},"30":{"line":169,"type":"binary-expr","locations":[{"start":{"line":169,"column":23},"end":{"line":169,"column":39}},{"start":{"line":169,"column":43},"end":{"line":169,"column":45}}]},"31":{"line":173,"type":"if","locations":[{"start":{"line":173,"column":4},"end":{"line":173,"column":4}},{"start":{"line":173,"column":4},"end":{"line":173,"column":4}}]},"32":{"line":173,"type":"binary-expr","locations":[{"start":{"line":173,"column":7},"end":{"line":173,"column":34}},{"start":{"line":173,"column":38},"end":{"line":173,"column":82}}]},"33":{"line":191,"type":"binary-expr","locations":[{"start":{"line":191,"column":11},"end":{"line":191,"column":39}},{"start":{"line":191,"column":43},"end":{"line":191,"column":69}}]},"34":{"line":194,"type":"if","locations":[{"start":{"line":194,"column":4},"end":{"line":194,"column":4}},{"start":{"line":194,"column":4},"end":{"line":194,"column":4}}]},"35":{"line":194,"type":"binary-expr","locations":[{"start":{"line":194,"column":8},"end":{"line":194,"column":26}},{"start":{"line":194,"column":30},"end":{"line":194,"column":54}}]},"36":{"line":197,"type":"if","locations":[{"start":{"line":197,"column":8},"end":{"line":197,"column":8}},{"start":{"line":197,"column":8},"end":{"line":197,"column":8}}]},"37":{"line":210,"type":"binary-expr","locations":[{"start":{"line":210,"column":16},"end":{"line":210,"column":22}},{"start":{"line":210,"column":26},"end":{"line":210,"column":39}}]},"38":{"line":212,"type":"if","locations":[{"start":{"line":212,"column":12},"end":{"line":212,"column":12}},{"start":{"line":212,"column":12},"end":{"line":212,"column":12}}]},"39":{"line":223,"type":"binary-expr","locations":[{"start":{"line":223,"column":11},"end":{"line":223,"column":39}},{"start":{"line":223,"column":43},"end":{"line":223,"column":69}}]},"40":{"line":227,"type":"if","locations":[{"start":{"line":227,"column":4},"end":{"line":227,"column":4}},{"start":{"line":227,"column":4},"end":{"line":227,"column":4}}]},"41":{"line":227,"type":"binary-expr","locations":[{"start":{"line":227,"column":8},"end":{"line":227,"column":26}},{"start":{"line":227,"column":30},"end":{"line":227,"column":54}}]},"42":{"line":229,"type":"if","locations":[{"start":{"line":229,"column":8},"end":{"line":229,"column":8}},{"start":{"line":229,"column":8},"end":{"line":229,"column":8}}]},"43":{"line":229,"type":"binary-expr","locations":[{"start":{"line":229,"column":12},"end":{"line":229,"column":38}},{"start":{"line":229,"column":42},"end":{"line":229,"column":65}}]},"44":{"line":247,"type":"if","locations":[{"start":{"line":247,"column":4},"end":{"line":247,"column":4}},{"start":{"line":247,"column":4},"end":{"line":247,"column":4}}]},"45":{"line":262,"type":"binary-expr","locations":[{"start":{"line":262,"column":17},"end":{"line":262,"column":22}},{"start":{"line":262,"column":26},"end":{"line":262,"column":27}}]},"46":{"line":273,"type":"if","locations":[{"start":{"line":273,"column":4},"end":{"line":273,"column":4}},{"start":{"line":273,"column":4},"end":{"line":273,"column":4}}]},"47":{"line":277,"type":"if","locations":[{"start":{"line":277,"column":8},"end":{"line":277,"column":8}},{"start":{"line":277,"column":8},"end":{"line":277,"column":8}}]},"48":{"line":286,"type":"if","locations":[{"start":{"line":286,"column":4},"end":{"line":286,"column":4}},{"start":{"line":286,"column":4},"end":{"line":286,"column":4}}]},"49":{"line":288,"type":"if","locations":[{"start":{"line":288,"column":8},"end":{"line":288,"column":8}},{"start":{"line":288,"column":8},"end":{"line":288,"column":8}}]},"50":{"line":292,"type":"binary-expr","locations":[{"start":{"line":292,"column":33},"end":{"line":292,"column":51}},{"start":{"line":292,"column":55},"end":{"line":292,"column":57}}]},"51":{"line":302,"type":"if","locations":[{"start":{"line":302,"column":4},"end":{"line":302,"column":4}},{"start":{"line":302,"column":4},"end":{"line":302,"column":4}}]},"52":{"line":305,"type":"if","locations":[{"start":{"line":305,"column":4},"end":{"line":305,"column":4}},{"start":{"line":305,"column":4},"end":{"line":305,"column":4}}]},"53":{"line":309,"type":"if","locations":[{"start":{"line":309,"column":4},"end":{"line":309,"column":4}},{"start":{"line":309,"column":4},"end":{"line":309,"column":4}}]},"54":{"line":310,"type":"if","locations":[{"start":{"line":310,"column":4},"end":{"line":310,"column":4}},{"start":{"line":310,"column":4},"end":{"line":310,"column":4}}]},"55":{"line":318,"type":"if","locations":[{"start":{"line":318,"column":4},"end":{"line":318,"column":4}},{"start":{"line":318,"column":4},"end":{"line":318,"column":4}}]},"56":{"line":323,"type":"if","locations":[{"start":{"line":323,"column":4},"end":{"line":323,"column":4}},{"start":{"line":323,"column":4},"end":{"line":323,"column":4}}]},"57":{"line":324,"type":"if","locations":[{"start":{"line":324,"column":8},"end":{"line":324,"column":8}},{"start":{"line":324,"column":8},"end":{"line":324,"column":8}}]},"58":{"line":364,"type":"if","locations":[{"start":{"line":364,"column":4},"end":{"line":364,"column":4}},{"start":{"line":364,"column":4},"end":{"line":364,"column":4}}]},"59":{"line":386,"type":"if","locations":[{"start":{"line":386,"column":4},"end":{"line":386,"column":4}},{"start":{"line":386,"column":4},"end":{"line":386,"column":4}}]},"60":{"line":389,"type":"if","locations":[{"start":{"line":389,"column":8},"end":{"line":389,"column":8}},{"start":{"line":389,"column":8},"end":{"line":389,"column":8}}]},"61":{"line":391,"type":"if","locations":[{"start":{"line":391,"column":12},"end":{"line":391,"column":12}},{"start":{"line":391,"column":12},"end":{"line":391,"column":12}}]},"62":{"line":394,"type":"if","locations":[{"start":{"line":394,"column":12},"end":{"line":394,"column":12}},{"start":{"line":394,"column":12},"end":{"line":394,"column":12}}]}},"l":{"1":1,"2":1,"3":1,"4":411,"8":1,"9":6,"10":270,"14":1,"16":1,"17":1,"18":1,"20":1,"21":280,"22":280,"25":1,"26":165,"29":1,"30":288,"31":288,"32":288,"33":92,"34":92,"35":92,"36":92,"38":0,"43":1,"44":55,"45":55,"46":55,"47":59,"48":59,"49":59,"50":59,"52":0,"57":1,"58":1,"59":1,"60":1,"61":1,"62":1,"64":1,"65":50,"66":50,"67":50,"69":50,"70":50,"71":50,"72":50,"73":50,"74":50,"77":1,"78":220,"79":220,"82":220,"83":220,"84":220,"85":220,"86":220,"87":55,"88":55,"90":165,"91":165,"92":165,"93":165,"94":165,"95":165,"96":73,"99":220,"102":1,"103":270,"104":270,"105":220,"106":220,"109":50,"110":50,"111":50,"112":50,"114":270,"117":1,"118":21,"119":21,"120":21,"121":21,"122":21,"123":21,"124":21,"125":35,"126":20,"132":1,"133":121,"136":121,"137":96,"138":96,"139":96,"140":96,"141":96,"142":96,"145":121,"146":102,"147":102,"148":101,"149":101,"153":121,"154":47,"155":46,"156":46,"159":46,"161":74,"162":74,"164":120,"165":5898,"166":5898,"169":120,"170":120,"171":120,"173":120,"174":1,"176":119,"178":120,"179":120,"180":120,"190":1,"191":34,"194":34,"195":32,"196":32,"197":32,"200":1,"203":31,"204":31,"206":32,"207":32,"208":32,"209":32,"210":32,"211":32,"212":3,"213":3,"214":3,"218":2,"222":1,"223":25,"226":25,"227":25,"228":23,"229":23,"230":3,"232":23,"233":23,"235":25,"240":1,"241":0,"244":1,"246":0,"247":0,"248":0,"249":0,"251":0,"254":0,"257":1,"258":115,"259":115,"260":115,"261":115,"262":115,"263":115,"264":115,"265":115,"268":1,"269":3,"272":1,"273":4,"274":2,"275":2,"276":2,"277":2,"278":1,"280":1,"285":1,"286":118,"287":115,"288":115,"289":55,"291":60,"292":60,"293":60,"294":60,"295":60,"300":1,"301":1,"302":270,"305":266,"309":212,"310":212,"311":141,"312":141,"314":212,"317":1,"318":279,"319":180,"322":1,"323":0,"324":0,"325":0,"330":1,"333":50,"338":50,"342":220,"347":270,"350":59,"353":270,"356":2,"359":131,"363":1,"364":1050,"368":1,"371":102,"380":101,"384":1,"385":130,"386":130,"387":130,"388":130,"389":129,"390":128,"391":128,"392":128,"393":128,"394":128,"395":128,"396":127,"401":127,"404":1,"405":0,"408":1,"409":335,"410":335,"411":335,"414":1,"415":270,"416":270,"417":270,"419":1,"420":1}}}
