TN:
SF:/Users/mattweichselbaum/dev/oversight/dist/oversight-test.js
FN:1,(anonymous_1)
FN:3,generateIdClosure
FN:8,(anonymous_3)
FN:9,(anonymous_4)
FN:20,(anonymous_5)
FN:25,(anonymous_6)
FN:29,(anonymous_7)
FN:43,(anonymous_8)
FN:64,(anonymous_9)
FN:77,(anonymous_10)
FN:102,(anonymous_11)
FN:117,(anonymous_12)
FN:132,(anonymous_13)
FN:136,observifiedFunction
FN:145,(anonymous_15)
FN:190,(anonymous_16)
FN:222,(anonymous_17)
FN:240,(anonymous_18)
FN:244,(anonymous_19)
FN:257,(anonymous_20)
FN:268,(anonymous_21)
FN:272,(anonymous_22)
FN:285,(anonymous_23)
FN:301,(anonymous_24)
FN:317,(anonymous_25)
FN:322,(anonymous_26)
FN:332,(anonymous_27)
FN:337,(anonymous_28)
FN:341,(anonymous_29)
FN:346,(anonymous_30)
FN:349,(anonymous_31)
FN:352,(anonymous_32)
FN:355,(anonymous_33)
FN:358,(anonymous_34)
FN:363,(anonymous_35)
FN:370,(anonymous_36)
FN:379,(anonymous_37)
FN:384,(anonymous_38)
FN:408,(anonymous_39)
FN:414,(anonymous_40)
FNF:40
FNH:37
FNDA:1,(anonymous_1)
FNDA:411,generateIdClosure
FNDA:6,(anonymous_3)
FNDA:270,(anonymous_4)
FNDA:280,(anonymous_5)
FNDA:165,(anonymous_6)
FNDA:288,(anonymous_7)
FNDA:55,(anonymous_8)
FNDA:50,(anonymous_9)
FNDA:220,(anonymous_10)
FNDA:270,(anonymous_11)
FNDA:21,(anonymous_12)
FNDA:121,(anonymous_13)
FNDA:96,observifiedFunction
FNDA:102,(anonymous_15)
FNDA:34,(anonymous_16)
FNDA:25,(anonymous_17)
FNDA:0,(anonymous_18)
FNDA:0,(anonymous_19)
FNDA:115,(anonymous_20)
FNDA:3,(anonymous_21)
FNDA:4,(anonymous_22)
FNDA:118,(anonymous_23)
FNDA:270,(anonymous_24)
FNDA:279,(anonymous_25)
FNDA:0,(anonymous_26)
FNDA:50,(anonymous_27)
FNDA:50,(anonymous_28)
FNDA:220,(anonymous_29)
FNDA:270,(anonymous_30)
FNDA:59,(anonymous_31)
FNDA:270,(anonymous_32)
FNDA:2,(anonymous_33)
FNDA:131,(anonymous_34)
FNDA:1050,(anonymous_35)
FNDA:102,(anonymous_36)
FNDA:101,(anonymous_37)
FNDA:130,(anonymous_38)
FNDA:335,(anonymous_39)
FNDA:270,(anonymous_40)
DA:1,1
DA:2,1
DA:3,1
DA:4,411
DA:8,1
DA:9,6
DA:10,270
DA:14,1
DA:16,1
DA:17,1
DA:18,1
DA:20,1
DA:21,280
DA:22,280
DA:25,1
DA:26,165
DA:29,1
DA:30,288
DA:31,288
DA:32,288
DA:33,92
DA:34,92
DA:35,92
DA:36,92
DA:38,0
DA:43,1
DA:44,55
DA:45,55
DA:46,55
DA:47,59
DA:48,59
DA:49,59
DA:50,59
DA:52,0
DA:57,1
DA:58,1
DA:59,1
DA:60,1
DA:61,1
DA:62,1
DA:64,1
DA:65,50
DA:66,50
DA:67,50
DA:69,50
DA:70,50
DA:71,50
DA:72,50
DA:73,50
DA:74,50
DA:77,1
DA:78,220
DA:79,220
DA:82,220
DA:83,220
DA:84,220
DA:85,220
DA:86,220
DA:87,55
DA:88,55
DA:90,165
DA:91,165
DA:92,165
DA:93,165
DA:94,165
DA:95,165
DA:96,73
DA:99,220
DA:102,1
DA:103,270
DA:104,270
DA:105,220
DA:106,220
DA:109,50
DA:110,50
DA:111,50
DA:112,50
DA:114,270
DA:117,1
DA:118,21
DA:119,21
DA:120,21
DA:121,21
DA:122,21
DA:123,21
DA:124,21
DA:125,35
DA:126,20
DA:132,1
DA:133,121
DA:136,121
DA:137,96
DA:138,96
DA:139,96
DA:140,96
DA:141,96
DA:142,96
DA:145,121
DA:146,102
DA:147,102
DA:148,101
DA:149,101
DA:153,121
DA:154,47
DA:155,46
DA:156,46
DA:159,46
DA:161,74
DA:162,74
DA:164,120
DA:165,5898
DA:166,5898
DA:169,120
DA:170,120
DA:171,120
DA:173,120
DA:174,1
DA:176,119
DA:178,120
DA:179,120
DA:180,120
DA:190,1
DA:191,34
DA:194,34
DA:195,32
DA:196,32
DA:197,32
DA:200,1
DA:203,31
DA:204,31
DA:206,32
DA:207,32
DA:208,32
DA:209,32
DA:210,32
DA:211,32
DA:212,3
DA:213,3
DA:214,3
DA:218,2
DA:222,1
DA:223,25
DA:226,25
DA:227,25
DA:228,23
DA:229,23
DA:230,3
DA:232,23
DA:233,23
DA:235,25
DA:240,1
DA:241,0
DA:244,1
DA:246,0
DA:247,0
DA:248,0
DA:249,0
DA:251,0
DA:254,0
DA:257,1
DA:258,115
DA:259,115
DA:260,115
DA:261,115
DA:262,115
DA:263,115
DA:264,115
DA:265,115
DA:268,1
DA:269,3
DA:272,1
DA:273,4
DA:274,2
DA:275,2
DA:276,2
DA:277,2
DA:278,1
DA:280,1
DA:285,1
DA:286,118
DA:287,115
DA:288,115
DA:289,55
DA:291,60
DA:292,60
DA:293,60
DA:294,60
DA:295,60
DA:300,1
DA:301,1
DA:302,270
DA:305,266
DA:309,212
DA:310,212
DA:311,141
DA:312,141
DA:314,212
DA:317,1
DA:318,279
DA:319,180
DA:322,1
DA:323,0
DA:324,0
DA:325,0
DA:330,1
DA:333,50
DA:338,50
DA:342,220
DA:347,270
DA:350,59
DA:353,270
DA:356,2
DA:359,131
DA:363,1
DA:364,1050
DA:368,1
DA:371,102
DA:380,101
DA:384,1
DA:385,130
DA:386,130
DA:387,130
DA:388,130
DA:389,129
DA:390,128
DA:391,128
DA:392,128
DA:393,128
DA:394,128
DA:395,128
DA:396,127
DA:401,127
DA:404,1
DA:405,0
DA:408,1
DA:409,335
DA:410,335
DA:411,335
DA:414,1
DA:415,270
DA:416,270
DA:417,270
DA:419,1
DA:420,1
LF:244
LH:231
BRDA:21,1,0,48
BRDA:21,1,1,232
BRDA:22,2,0,163
BRDA:22,2,1,117
BRDA:26,3,0,127
BRDA:26,3,1,38
BRDA:30,4,0,288
BRDA:30,4,1,92
BRDA:35,5,0,92
BRDA:35,5,1,0
BRDA:44,6,0,55
BRDA:44,6,1,48
BRDA:49,7,0,59
BRDA:49,7,1,0
BRDA:70,8,0,50
BRDA:70,8,1,50
BRDA:71,9,0,29
BRDA:71,9,1,21
BRDA:72,10,0,13
BRDA:72,10,1,37
BRDA:79,11,0,220
BRDA:79,11,1,79
BRDA:82,12,0,102
BRDA:82,12,1,118
BRDA:86,13,0,55
BRDA:86,13,1,165
BRDA:92,14,0,165
BRDA:92,14,1,0
BRDA:93,15,0,23
BRDA:93,15,1,142
BRDA:95,16,0,73
BRDA:95,16,1,92
BRDA:95,17,0,165
BRDA:95,17,1,111
BRDA:103,18,0,270
BRDA:103,18,1,67
BRDA:104,19,0,220
BRDA:104,19,1,50
BRDA:104,20,0,270
BRDA:104,20,1,220
BRDA:105,21,0,220
BRDA:105,21,1,149
BRDA:111,22,0,50
BRDA:111,22,1,45
BRDA:118,23,0,21
BRDA:118,23,1,0
BRDA:122,24,0,13
BRDA:122,24,1,8
BRDA:123,25,0,21
BRDA:123,25,1,21
BRDA:125,26,0,20
BRDA:125,26,1,15
BRDA:153,27,0,47
BRDA:153,27,1,74
BRDA:154,28,0,1
BRDA:154,28,1,46
BRDA:165,29,0,5898
BRDA:165,29,1,0
BRDA:169,30,0,120
BRDA:169,30,1,101
BRDA:173,31,0,1
BRDA:173,31,1,119
BRDA:173,32,0,120
BRDA:173,32,1,19
BRDA:191,33,0,34
BRDA:191,33,1,25
BRDA:194,34,0,32
BRDA:194,34,1,2
BRDA:194,35,0,34
BRDA:194,35,1,32
BRDA:197,36,0,1
BRDA:197,36,1,31
BRDA:210,37,0,32
BRDA:210,37,1,3
BRDA:212,38,0,3
BRDA:212,38,1,0
BRDA:223,39,0,25
BRDA:223,39,1,18
BRDA:227,40,0,23
BRDA:227,40,1,2
BRDA:227,41,0,25
BRDA:227,41,1,23
BRDA:229,42,0,3
BRDA:229,42,1,20
BRDA:229,43,0,23
BRDA:229,43,1,3
BRDA:247,44,0,0
BRDA:247,44,1,0
BRDA:262,45,0,115
BRDA:262,45,1,55
BRDA:273,46,0,2
BRDA:273,46,1,2
BRDA:277,47,0,1
BRDA:277,47,1,1
BRDA:286,48,0,115
BRDA:286,48,1,3
BRDA:288,49,0,55
BRDA:288,49,1,60
BRDA:292,50,0,60
BRDA:292,50,1,48
BRDA:302,51,0,4
BRDA:302,51,1,266
BRDA:305,52,0,54
BRDA:305,52,1,212
BRDA:309,53,0,18
BRDA:309,53,1,194
BRDA:310,54,0,141
BRDA:310,54,1,71
BRDA:318,55,0,99
BRDA:318,55,1,180
BRDA:323,56,0,0
BRDA:323,56,1,0
BRDA:324,57,0,0
BRDA:324,57,1,0
BRDA:364,58,0,2
BRDA:364,58,1,1048
BRDA:386,59,0,130
BRDA:386,59,1,0
BRDA:389,60,0,128
BRDA:389,60,1,1
BRDA:391,61,0,1
BRDA:391,61,1,127
BRDA:394,62,0,128
BRDA:394,62,1,0
BRF:124
BRH:110
end_of_record
